<?xml version="1.0" encoding="UTF-8"?>
<testsuite name="ChatTest" tests="4" skipped="0" failures="0" errors="0" timestamp="2022-05-23T14:16:13" hostname="MSI" time="0.215">
  <properties/>
  <testcase name="removeMessage()" classname="ChatTest" time="0.149"/>
  <testcase name="editMessage()" classname="ChatTest" time="0.046"/>
  <testcase name="addMessage()" classname="ChatTest" time="0.001"/>
  <testcase name="isRead()" classname="ChatTest" time="0.016"/>
  <system-out><![CDATA[]]></system-out>
  <system-err><![CDATA[]]></system-err>
</testsuite>
