<?xml version="1.0" encoding="UTF-8"?>
<testsuite name="ServiceTest" tests="11" skipped="0" failures="0" errors="0" timestamp="2022-05-23T14:16:13" hostname="MSI" time="0.038">
  <properties/>
  <testcase name="removeMessage()" classname="ServiceTest" time="0.003"/>
  <testcase name="removeMessage1()" classname="ServiceTest" time="0.001"/>
  <testcase name="deleteChat1()" classname="ServiceTest" time="0.001"/>
  <testcase name="sendMessage1()" classname="ServiceTest" time="0.002"/>
  <testcase name="sendMessage2()" classname="ServiceTest" time="0.001"/>
  <testcase name="sendMessage3()" classname="ServiceTest" time="0.001"/>
  <testcase name="sendMessage4()" classname="ServiceTest" time="0.001"/>
  <testcase name="sendMessage()" classname="ServiceTest" time="0.001"/>
  <testcase name="getMessages()" classname="ServiceTest" time="0.007"/>
  <testcase name="getUnreadChatsCount()" classname="ServiceTest" time="0.003"/>
  <testcase name="deleteChat()" classname="ServiceTest" time="0.001"/>
  <system-out><![CDATA[]]></system-out>
  <system-err><![CDATA[]]></system-err>
</testsuite>
